Build started 24/04/2015 13:38:31.
     1>Project "C:\Users\julijanas.jezov\Desktop\G52CPP CW2013\src\CourseworkBase.vcxproj" on node 2 (Build target(s)).
     1>ClCompile:
         C:\Program Files (x86)\Microsoft Visual Studio 12.0\VC\bin\CL.exe /c /I"..\SDL_ttf-2.0.9\include" /I"..\SDL-1.2.13\include" /ZI /nologo /W1 /WX- /Od /Oy- /Gm- /EHsc /MD /GS /fp:precise /Zc:wchar_t /Zc:forScope /Fo"C:\Users\julijanas.jezov\Desktop\G52CPP CW2013\/Debug\\" /Fd"C:\Users\julijanas.jezov\Desktop\G52CPP CW2013\/Debug\vc120.pdb" /FR"C:\Users\julijanas.jezov\Desktop\G52CPP CW2013\/Debug\\" /Gd /TP /analyze- /errorReport:prompt Bullet.cpp EnemyBullet.cpp EnemyFast.cpp Image.cpp JetShooter.cpp EnemyJet.cpp Jet.cpp LargeEnemyJet.cpp mainfunction.cpp BaseEngine.cpp DisplayableObject.cpp FontManager.cpp JPGImage.cpp missile.cpp Shield.cpp Sky.cpp TileManager.cpp
         Bullet.cpp
         EnemyBullet.cpp
         EnemyFast.cpp
         Image.cpp
         JetShooter.cpp
         EnemyJet.cpp
         Jet.cpp
         LargeEnemyJet.cpp
         mainfunction.cpp
         BaseEngine.cpp
         DisplayableObject.cpp
         FontManager.cpp
         JPGImage.cpp
         missile.cpp
         Shield.cpp
         Sky.cpp
         TileManager.cpp
         Generating Code...
       Link:
         C:\Program Files (x86)\Microsoft Visual Studio 12.0\VC\bin\link.exe /ERRORREPORT:PROMPT /OUT:"C:\Users\julijanas.jezov\Desktop\G52CPP CW2013\/Debug\DangerousFlight.exe" /NOLOGO /LIBPATH:"..\SDL-1.2.13\lib" /LIBPATH:"..\SDL_ttf-2.0.9\lib" sdl.lib sdlmain.lib SDL_ttf.lib SDL_image.lib kernel32.lib user32.lib gdi32.lib winspool.lib comdlg32.lib advapi32.lib shell32.lib ole32.lib oleaut32.lib uuid.lib odbc32.lib odbccp32.lib /MANIFEST /MANIFESTUAC:"level='asInvoker' uiAccess='false'" /manifest:embed /DEBUG /PDB:"C:\Users\julijanas.jezov\Desktop\G52CPP CW2013\/Debug\DangerousFlight.pdb" /MAP:"map" /SUBSYSTEM:CONSOLE /TLBID:1 /ENTRY:"mainCRTStartup" /DYNAMICBASE:NO /IMPLIB:"C:\Users\julijanas.jezov\Desktop\G52CPP CW2013\/Debug\DangerousFlight.lib" /MACHINE:X86 /SAFESEH "C:\Users\julijanas.jezov\Desktop\G52CPP CW2013\/Debug\Bullet.obj"
         "C:\Users\julijanas.jezov\Desktop\G52CPP CW2013\/Debug\EnemyBullet.obj"
         "C:\Users\julijanas.jezov\Desktop\G52CPP CW2013\/Debug\EnemyFast.obj"
         "C:\Users\julijanas.jezov\Desktop\G52CPP CW2013\/Debug\Image.obj"
         "C:\Users\julijanas.jezov\Desktop\G52CPP CW2013\/Debug\JetShooter.obj"
         "C:\Users\julijanas.jezov\Desktop\G52CPP CW2013\/Debug\EnemyJet.obj"
         "C:\Users\julijanas.jezov\Desktop\G52CPP CW2013\/Debug\Jet.obj"
         "C:\Users\julijanas.jezov\Desktop\G52CPP CW2013\/Debug\LargeEnemyJet.obj"
         "C:\Users\julijanas.jezov\Desktop\G52CPP CW2013\/Debug\mainfunction.obj"
         "C:\Users\julijanas.jezov\Desktop\G52CPP CW2013\/Debug\BaseEngine.obj"
         "C:\Users\julijanas.jezov\Desktop\G52CPP CW2013\/Debug\DisplayableObject.obj"
         "C:\Users\julijanas.jezov\Desktop\G52CPP CW2013\/Debug\FontManager.obj"
         "C:\Users\julijanas.jezov\Desktop\G52CPP CW2013\/Debug\JPGImage.obj"
         "C:\Users\julijanas.jezov\Desktop\G52CPP CW2013\/Debug\missile.obj"
         "C:\Users\julijanas.jezov\Desktop\G52CPP CW2013\/Debug\Shield.obj"
         "C:\Users\julijanas.jezov\Desktop\G52CPP CW2013\/Debug\Sky.obj"
         "C:\Users\julijanas.jezov\Desktop\G52CPP CW2013\/Debug\TileManager.obj"
         CourseworkBase.vcxproj -> C:\Users\julijanas.jezov\Desktop\G52CPP CW2013\/Debug\DangerousFlight.exe
       BscMake:
         C:\Program Files (x86)\Microsoft Visual Studio 12.0\VC\bin\bscmake.exe /nologo /o"C:\Users\julijanas.jezov\Desktop\G52CPP CW2013\/Debug\DangerousFlight.bsc" "C:\Users\julijanas.jezov\Desktop\G52CPP CW2013\/Debug\Bullet.sbr" "C:\Users\julijanas.jezov\Desktop\G52CPP CW2013\/Debug\EnemyBullet.sbr" "C:\Users\julijanas.jezov\Desktop\G52CPP CW2013\/Debug\EnemyFast.sbr" "C:\Users\julijanas.jezov\Desktop\G52CPP CW2013\/Debug\Image.sbr" "C:\Users\julijanas.jezov\Desktop\G52CPP CW2013\/Debug\JetShooter.sbr" "C:\Users\julijanas.jezov\Desktop\G52CPP CW2013\/Debug\EnemyJet.sbr" "C:\Users\julijanas.jezov\Desktop\G52CPP CW2013\/Debug\Jet.sbr" "C:\Users\julijanas.jezov\Desktop\G52CPP CW2013\/Debug\LargeEnemyJet.sbr" "C:\Users\julijanas.jezov\Desktop\G52CPP CW2013\/Debug\mainfunction.sbr" "C:\Users\julijanas.jezov\Desktop\G52CPP CW2013\/Debug\BaseEngine.sbr" "C:\Users\julijanas.jezov\Desktop\G52CPP CW2013\/Debug\DisplayableObject.sbr" "C:\Users\julijanas.jezov\Desktop\G52CPP CW2013\/Debug\FontManager.sbr" "C:\Users\julijanas.jezov\Desktop\G52CPP CW2013\/Debug\JPGImage.sbr" "C:\Users\julijanas.jezov\Desktop\G52CPP CW2013\/Debug\missile.sbr" "C:\Users\julijanas.jezov\Desktop\G52CPP CW2013\/Debug\Shield.sbr" "C:\Users\julijanas.jezov\Desktop\G52CPP CW2013\/Debug\Sky.sbr" "C:\Users\julijanas.jezov\Desktop\G52CPP CW2013\/Debug\TileManager.sbr"
     1>Done Building Project "C:\Users\julijanas.jezov\Desktop\G52CPP CW2013\src\CourseworkBase.vcxproj" (Build target(s)).

Build succeeded.

Time Elapsed 00:00:02.94
